This is XeTeX, Version 3.141592653-2.6-0.999993 (TeX Live 2021) (preloaded format=xelatex 2021.12.30)  30 DEC 2021 20:10
entering extended mode
 restricted \write18 enabled.
 %&-line parsing enabled.
**rbasics.tex
(./rbasics.tex
LaTeX2e <2021-11-15> patch level 1
L3 programming layer <2021-11-22> (./tufte-book.cls
Document Class: tufte-book 2015/06/21 v3.5.2 Tufte-book class
(./tufte-common.def
File: tufte-common.def 2009/12/11 v3.5.0 Common code for the Tufte-LaTeX styles

(/Users/chester/Library/TinyTeX/texmf-dist/tex/latex/xkeyval/xkeyval.sty
Package: xkeyval 2020/11/20 v2.8 package option processing (HA)
(/Users/chester/Library/TinyTeX/texmf-dist/tex/generic/xkeyval/xkeyval.tex (/Us
ers/chester/Library/TinyTeX/texmf-dist/tex/generic/xkeyval/xkvutils.tex
\XKV@toks=\toks16
\XKV@tempa@toks=\toks17
(/Users/chester/Library/TinyTeX/texmf-dist/tex/generic/xkeyval/keyval.tex))
\XKV@depth=\count179
File: xkeyval.tex 2014/12/03 v2.7a key=value parser (HA)
)) (/Users/chester/Library/TinyTeX/texmf-dist/tex/latex/xifthen/xifthen.sty
Package: xifthen 2015/11/05 v1.4.0 Extended ifthen features
(/Users/chester/Library/TinyTeX/texmf-dist/tex/latex/tools/calc.sty
Package: calc 2017/05/25 v4.3 Infix arithmetic (KKT,FJ)
\calc@Acount=\count180
\calc@Bcount=\count181
\calc@Adimen=\dimen138
\calc@Bdimen=\dimen139
\calc@Askip=\skip47
\calc@Bskip=\skip48
LaTeX Info: Redefining \setlength on input line 80.
LaTeX Info: Redefining \addtolength on input line 81.
\calc@Ccount=\count182
\calc@Cskip=\skip49
) (/Users/chester/Library/TinyTeX/texmf-dist/tex/latex/base/ifthen.sty
Package: ifthen 2020/11/24 v1.1c Standard LaTeX ifthen package (DPC)
) (/Users/chester/Library/TinyTeX/texmf-dist/tex/latex/ifmtarg/ifmtarg.sty
Package: ifmtarg 2018/04/16 v1.2b check for an empty argument
))
Class tufte-book Info: Loading the base class `book'.
(/Users/chester/Library/TinyTeX/texmf-dist/tex/latex/base/book.cls
Document Class: book 2021/10/04 v1.4n Standard LaTeX document class
(/Users/chester/Library/TinyTeX/texmf-dist/tex/latex/base/bk10.clo
File: bk10.clo 2021/10/04 v1.4n Standard LaTeX file (size option)
)
\c@part=\count183
\c@chapter=\count184
\c@section=\count185
\c@subsection=\count186
\c@subsubsection=\count187
\c@paragraph=\count188
\c@subparagraph=\count189
\c@figure=\count190
\c@table=\count191
\abovecaptionskip=\skip50
\belowcaptionskip=\skip51
\bibindent=\dimen140
) (/Users/chester/Library/TinyTeX/texmf-dist/tex/generic/iftex/ifpdf.sty
Package: ifpdf 2019/10/25 v3.4 ifpdf legacy package. Use iftex instead.
(/Users/chester/Library/TinyTeX/texmf-dist/tex/generic/iftex/iftex.sty
Package: iftex 2020/03/06 v1.0d TeX engine tests
)) (/Users/chester/Library/TinyTeX/texmf-dist/tex/generic/iftex/ifxetex.sty
Package: ifxetex 2019/10/25 v0.7 ifxetex legacy package. Use iftex instead.
) (/Users/chester/Library/TinyTeX/texmf-dist/tex/latex/titlesec/titlesec.sty
Package: titlesec 2021/07/05 v2.14 Sectioning titles
\ttl@box=\box50
\beforetitleunit=\skip52
\aftertitleunit=\skip53
\ttl@plus=\dimen141
\ttl@minus=\dimen142
\ttl@toksa=\toks18
\titlewidth=\dimen143
\titlewidthlast=\dimen144
\titlewidthfirst=\dimen145
) (/Users/chester/Library/TinyTeX/texmf-dist/tex/latex/titlesec/titletoc.sty
Package: titletoc 2021/07/05 v2.14 TOC entries
\ttl@leftsep=\dimen146
) (/Users/chester/Library/TinyTeX/texmf-dist/tex/latex/hyperref/hyperref.sty
Package: hyperref 2021-06-07 v7.00m Hypertext links for LaTeX
(/Users/chester/Library/TinyTeX/texmf-dist/tex/generic/ltxcmds/ltxcmds.sty
Package: ltxcmds 2020-05-10 v1.25 LaTeX kernel commands for general use (HO)
)
(/Users/chester/Library/TinyTeX/texmf-dist/tex/generic/pdftexcmds/pdftexcmds.st
y
Package: pdftexcmds 2020-06-27 v0.33 Utility functions of pdfTeX for LuaTeX (HO
)
(/Users/chester/Library/TinyTeX/texmf-dist/tex/generic/infwarerr/infwarerr.sty
Package: infwarerr 2019/12/03 v1.5 Providing info/warning/error messages (HO)
)
Package pdftexcmds Info: \pdf@primitive is available.
Package pdftexcmds Info: \pdf@ifprimitive is available.
Package pdftexcmds Info: \pdfdraftmode not found.
) (/Users/chester/Library/TinyTeX/texmf-dist/tex/generic/kvsetkeys/kvsetkeys.st
y
Package: kvsetkeys 2019/12/15 v1.18 Key value parser (HO)
)
(/Users/chester/Library/TinyTeX/texmf-dist/tex/generic/kvdefinekeys/kvdefinekey
s.sty
Package: kvdefinekeys 2019-12-19 v1.6 Define keys (HO)
) (/Users/chester/Library/TinyTeX/texmf-dist/tex/generic/pdfescape/pdfescape.st
y
Package: pdfescape 2019/12/09 v1.15 Implements pdfTeX's escape features (HO)
) (/Users/chester/Library/TinyTeX/texmf-dist/tex/latex/hycolor/hycolor.sty
Package: hycolor 2020-01-27 v1.10 Color options for hyperref/bookmark (HO)
)
(/Users/chester/Library/TinyTeX/texmf-dist/tex/latex/letltxmacro/letltxmacro.st
y
Package: letltxmacro 2019/12/03 v1.6 Let assignment for LaTeX macros (HO)
) (/Users/chester/Library/TinyTeX/texmf-dist/tex/latex/auxhook/auxhook.sty
Package: auxhook 2019-12-17 v1.6 Hooks for auxiliary files (HO)
) (/Users/chester/Library/TinyTeX/texmf-dist/tex/latex/kvoptions/kvoptions.sty
Package: kvoptions 2020-10-07 v3.14 Key value format for package options (HO)
)
\@linkdim=\dimen147
\Hy@linkcounter=\count192
\Hy@pagecounter=\count193
(/Users/chester/Library/TinyTeX/texmf-dist/tex/latex/hyperref/pd1enc.def
File: pd1enc.def 2021-06-07 v7.00m Hyperref: PDFDocEncoding definition (HO)
)
(/Users/chester/Library/TinyTeX/texmf-dist/tex/latex/hyperref/hyperref-langpatc
hes.def
File: hyperref-langpatches.def 2021-06-07 v7.00m Hyperref: patches for babel la
nguages
) (/Users/chester/Library/TinyTeX/texmf-dist/tex/generic/intcalc/intcalc.sty
Package: intcalc 2019/12/15 v1.3 Expandable calculations with integers (HO)
) (/Users/chester/Library/TinyTeX/texmf-dist/tex/generic/etexcmds/etexcmds.sty
Package: etexcmds 2019/12/15 v1.7 Avoid name clashes with e-TeX commands (HO)
)
\Hy@SavedSpaceFactor=\count194
(/Users/chester/Library/TinyTeX/texmf-dist/tex/latex/hyperref/puenc.def
File: puenc.def 2021-06-07 v7.00m Hyperref: PDF Unicode definition (HO)
)
Package hyperref Info: Option `unicode' set `true' on input line 4073.
Package hyperref Info: Option `hyperfootnotes' set `false' on input line 4073.
Package hyperref Info: Hyper figures OFF on input line 4192.
Package hyperref Info: Link nesting OFF on input line 4197.
Package hyperref Info: Hyper index ON on input line 4200.
Package hyperref Info: Plain pages OFF on input line 4207.
Package hyperref Info: Backreferencing OFF on input line 4212.
Package hyperref Info: Implicit mode ON; LaTeX internals redefined.
Package hyperref Info: Bookmarks ON on input line 4445.
\c@Hy@tempcnt=\count195
(/Users/chester/Library/TinyTeX/texmf-dist/tex/latex/url/url.sty
\Urlmuskip=\muskip16
Package: url 2013/09/16  ver 3.4  Verb mode for urls, etc.
)
LaTeX Info: Redefining \url on input line 4804.
\XeTeXLinkMargin=\dimen148
(/Users/chester/Library/TinyTeX/texmf-dist/tex/generic/bitset/bitset.sty
Package: bitset 2019/12/09 v1.3 Handle bit-vector datatype (HO)

(/Users/chester/Library/TinyTeX/texmf-dist/tex/generic/bigintcalc/bigintcalc.st
y
Package: bigintcalc 2019/12/15 v1.5 Expandable calculations on big integers (HO
)
))
\Fld@menulength=\count196
\Field@Width=\dimen149
\Fld@charsize=\dimen150
Package hyperref Info: Hyper figures OFF on input line 6076.
Package hyperref Info: Link nesting OFF on input line 6081.
Package hyperref Info: Hyper index ON on input line 6084.
Package hyperref Info: backreferencing OFF on input line 6091.
Package hyperref Info: Link coloring OFF on input line 6096.
Package hyperref Info: Link coloring with OCG OFF on input line 6101.
Package hyperref Info: PDF/A mode OFF on input line 6106.
LaTeX Info: Redefining \ref on input line 6146.
LaTeX Info: Redefining \pageref on input line 6150.
(/Users/chester/Library/TinyTeX/texmf-dist/tex/latex/base/atbegshi-ltx.sty
Package: atbegshi-ltx 2021/01/10 v1.0c Emulation of the original atbegshi
package with kernel methods
)
\Hy@abspage=\count197
\c@Item=\count198
)
Package hyperref Info: Driver: hxetex.
(/Users/chester/Library/TinyTeX/texmf-dist/tex/latex/hyperref/hxetex.def
File: hxetex.def 2021-06-07 v7.00m Hyperref driver for XeTeX
(/Users/chester/Library/TinyTeX/texmf-dist/tex/generic/stringenc/stringenc.sty
Package: stringenc 2019/11/29 v1.12 Convert strings between diff. encodings (HO
)
)
\pdfm@box=\box51
\c@Hy@AnnotLevel=\count199
\HyField@AnnotCount=\count266
\Fld@listcount=\count267
\c@bookmark@seq@number=\count268

(/Users/chester/Library/TinyTeX/texmf-dist/tex/latex/rerunfilecheck/rerunfilech
eck.sty
Package: rerunfilecheck 2019/12/05 v1.9 Rerun checks for auxiliary files (HO)
(/Users/chester/Library/TinyTeX/texmf-dist/tex/latex/base/atveryend-ltx.sty
Package: atveryend-ltx 2020/08/19 v1.0a Emulation of the original atveryend pac
kage
with kernel methods
)
(/Users/chester/Library/TinyTeX/texmf-dist/tex/generic/uniquecounter/uniquecoun
ter.sty
Package: uniquecounter 2019/12/15 v1.4 Provide unlimited unique counter (HO)
)
Package uniquecounter Info: New unique counter `rerunfilecheck' on input line 2
86.
)
\Hy@SectionHShift=\skip54
)

Package hyperref Warning: Option `pagecolor' is not available anymore.

(/Users/chester/Library/TinyTeX/texmf-dist/tex/latex/ragged2e/ragged2e.sty
Package: ragged2e 2021/12/15 v3.1 ragged2e Package
\CenteringLeftskip=\skip55
\RaggedLeftLeftskip=\skip56
\RaggedRightLeftskip=\skip57
\CenteringRightskip=\skip58
\RaggedLeftRightskip=\skip59
\RaggedRightRightskip=\skip60
\CenteringParfillskip=\skip61
\RaggedLeftParfillskip=\skip62
\RaggedRightParfillskip=\skip63
\JustifyingParfillskip=\skip64
\CenteringParindent=\skip65
\RaggedLeftParindent=\skip66
\RaggedRightParindent=\skip67
\JustifyingParindent=\skip68
) (/Users/chester/Library/TinyTeX/texmf-dist/tex/latex/geometry/geometry.sty
Package: geometry 2020/01/02 v5.9 Page Geometry
(/Users/chester/Library/TinyTeX/texmf-dist/tex/generic/iftex/ifvtex.sty
Package: ifvtex 2019/10/25 v1.7 ifvtex legacy package. Use iftex instead.
)
\Gm@cnth=\count269
\Gm@cntv=\count270
\c@Gm@tempcnt=\count271
\Gm@bindingoffset=\dimen151
\Gm@wd@mp=\dimen152
\Gm@odd@mp=\dimen153
\Gm@even@mp=\dimen154
\Gm@layoutwidth=\dimen155
\Gm@layoutheight=\dimen156
\Gm@layouthoffset=\dimen157
\Gm@layoutvoffset=\dimen158
\Gm@dimlist=\toks19
) (/Users/chester/Library/TinyTeX/texmf-dist/tex/latex/changepage/changepage.st
y
Package: changepage 2009/10/20 v1.0c check page and change page layout
\c@cp@cntr=\count272
\cp@tempcnt=\count273
)
\@tufte@overhang=\skip69
\@tufte@fullwidth=\skip70
\@tufte@caption@fill=\skip71
(/Users/chester/Library/TinyTeX/texmf-dist/tex/latex/paralist/paralist.sty
Package: paralist 2017/01/22 v2.7 Extended list environments
\pltopsep=\skip72
\plpartopsep=\skip73
\plitemsep=\skip74
\plparsep=\skip75
\pl@lab=\toks20
) (/Users/chester/Library/TinyTeX/texmf-dist/tex/latex/textcase/textcase.sty
Package: textcase 2019/09/14 v1.00 Text only upper/lower case changing (DPC)
)

Class tufte-book Warning: Couldn't locate `soul' package.

(/Users/chester/Library/TinyTeX/texmf-dist/tex/latex/setspace/setspace.sty
Package: setspace 2011/12/19 v6.7a set line spacing
) (/Users/chester/Library/TinyTeX/texmf-dist/tex/latex/natbib/natbib.sty
Package: natbib 2010/09/13 8.31b (PWD, AO)
\bibhang=\skip76
\bibsep=\skip77
LaTeX Info: Redefining \cite on input line 694.
\c@NAT@ctr=\count274
) (/Users/chester/Library/TinyTeX/texmf-dist/tex/latex/natbib/bibentry.sty
Package: bibentry 2007/10/30 1.5 (PWD)
) (./rbasics.bbl)
\c@@tufte@num@bibkeys=\count275
(/Users/chester/Library/TinyTeX/texmf-dist/tex/latex/sauerj/optparams.sty
Package: optparams 2004/08/14 v0.9 multiple optional parameters in macros
)
\@tufte@sidenote@vertical@offset=\skip78
(/Users/chester/Library/TinyTeX/texmf-dist/tex/latex/placeins/placeins.sty
Package: placeins 2005/04/18  v 2.2
)
\@tufte@margin@floatbox=\box52
\@tufte@figure@box=\box53
\@tufte@caption@box=\box54
\@tufte@caption@vertical@offset=\skip79
\@tufte@float@contents@width=\skip80
(/Users/chester/Library/TinyTeX/texmf-dist/tex/latex/fancyhdr/fancyhdr.sty
Package: fancyhdr 2021/01/28 v4.0.1 Extensive control of page headers and foote
rs
\f@nch@headwidth=\skip81
\f@nch@O@elh=\skip82
\f@nch@O@erh=\skip83
\f@nch@O@olh=\skip84
\f@nch@O@orh=\skip85
\f@nch@O@elf=\skip86
\f@nch@O@erf=\skip87
\f@nch@O@olf=\skip88
\f@nch@O@orf=\skip89
) (/Users/chester/Library/TinyTeX/texmf-dist/tex/latex/xcolor/xcolor.sty
Package: xcolor 2021/10/31 v2.13 LaTeX color extensions (UK)
(/Users/chester/Library/TinyTeX/texmf-dist/tex/latex/graphics-cfg/color.cfg
File: color.cfg 2016/01/02 v1.6 sample color configuration
)
Package xcolor Info: Package option `usenames' ignored on input line 218.
Package xcolor Info: Driver file: xetex.def on input line 227.
(/Users/chester/Library/TinyTeX/texmf-dist/tex/latex/graphics-def/xetex.def
File: xetex.def 2021/03/18 v5.0k Graphics/color driver for xetex
)
Package xcolor Info: Model `cmy' substituted by `cmy0' on input line 1352.
Package xcolor Info: Model `RGB' extended on input line 1368.
Package xcolor Info: Model `HTML' substituted by `rgb' on input line 1370.
Package xcolor Info: Model `Hsb' substituted by `hsb' on input line 1371.
Package xcolor Info: Model `tHsb' substituted by `hsb' on input line 1372.
Package xcolor Info: Model `HSB' substituted by `hsb' on input line 1373.
Package xcolor Info: Model `Gray' substituted by `gray' on input line 1374.
Package xcolor Info: Model `wave' substituted by `hsb' on input line 1375.
(/Users/chester/Library/TinyTeX/texmf-dist/tex/latex/graphics/dvipsnam.def
File: dvipsnam.def 2016/06/17 v3.0m Driver-dependent file (DPC,SPQR)
) (/Users/chester/Library/TinyTeX/texmf-dist/tex/latex/xcolor/svgnam.def
File: svgnam.def 2021/10/31 v2.13 Predefined colors according to SVG 1.1 (UK)
))
\langwohyphens=\language3
(/Users/chester/Library/TinyTeX/texmf-dist/tex/latex/tools/multicol.sty
Package: multicol 2021/10/28 v1.9b multicolumn formatting (FMi)
\c@tracingmulticols=\count276
\mult@box=\box55
\multicol@leftmargin=\dimen159
\c@unbalance=\count277
\c@collectmore=\count278
\doublecol@number=\count279
\multicoltolerance=\count280
\multicolpretolerance=\count281
\full@width=\dimen160
\page@free=\dimen161
\premulticols=\dimen162
\postmulticols=\dimen163
\multicolsep=\skip90
\multicolbaselineskip=\skip91
\partial@page=\box56
\last@line=\box57
\maxbalancingoverflow=\dimen164
\mult@rightbox=\box58
\mult@grightbox=\box59
\mult@firstbox=\box60
\mult@gfirstbox=\box61
\@tempa=\box62
\@tempa=\box63
\@tempa=\box64
\@tempa=\box65
\@tempa=\box66
\@tempa=\box67
\@tempa=\box68
\@tempa=\box69
\@tempa=\box70
\@tempa=\box71
\@tempa=\box72
\@tempa=\box73
\@tempa=\box74
\@tempa=\box75
\@tempa=\box76
\@tempa=\box77
\@tempa=\box78
\@tempa=\box79
\@tempa=\box80
\@tempa=\box81
\@tempa=\box82
\@tempa=\box83
\@tempa=\box84
\@tempa=\box85
\@tempa=\box86
\@tempa=\box87
\@tempa=\box88
\@tempa=\box89
\@tempa=\box90
\@tempa=\box91
\@tempa=\box92
\@tempa=\box93
\@tempa=\box94
\@tempa=\box95
\@tempa=\box96
\@tempa=\box97
\c@minrows=\count282
\c@columnbadness=\count283
\c@finalcolumnbadness=\count284
\last@try=\dimen165
\multicolovershoot=\dimen166
\multicolundershoot=\dimen167
\mult@nat@firstbox=\box98
\colbreak@box=\box99
\mc@col@check@num=\count285
))) (/Users/chester/Library/TinyTeX/texmf-dist/tex/latex/amsfonts/amssymb.sty
Package: amssymb 2013/01/14 v3.01 AMS font symbols
(/Users/chester/Library/TinyTeX/texmf-dist/tex/latex/amsfonts/amsfonts.sty
Package: amsfonts 2013/01/14 v3.01 Basic AMSFonts support
\@emptytoks=\toks21
\symAMSa=\mathgroup4
\symAMSb=\mathgroup5
LaTeX Font Info:    Redeclaring math symbol \hbar on input line 98.
LaTeX Font Info:    Overwriting math alphabet `\mathfrak' in version `bold'
(Font)                  U/euf/m/n --> U/euf/b/n on input line 106.
)) (/Users/chester/Library/TinyTeX/texmf-dist/tex/latex/amsmath/amsmath.sty
Package: amsmath 2021/10/15 v2.17l AMS math features
\@mathmargin=\skip92
For additional information on amsmath, use the `?' option.
(/Users/chester/Library/TinyTeX/texmf-dist/tex/latex/amsmath/amstext.sty
Package: amstext 2021/08/26 v2.01 AMS text
(/Users/chester/Library/TinyTeX/texmf-dist/tex/latex/amsmath/amsgen.sty
File: amsgen.sty 1999/11/30 v2.0 generic functions
\@emptytoks=\toks22
\ex@=\dimen168
)) (/Users/chester/Library/TinyTeX/texmf-dist/tex/latex/amsmath/amsbsy.sty
Package: amsbsy 1999/11/29 v1.2d Bold Symbols
\pmbraise@=\dimen169
) (/Users/chester/Library/TinyTeX/texmf-dist/tex/latex/amsmath/amsopn.sty
Package: amsopn 2021/08/26 v2.02 operator names
)
\inf@bad=\count286
LaTeX Info: Redefining \frac on input line 234.
\uproot@=\count287
\leftroot@=\count288
LaTeX Info: Redefining \overline on input line 399.
\classnum@=\count289
\DOTSCASE@=\count290
LaTeX Info: Redefining \ldots on input line 496.
LaTeX Info: Redefining \dots on input line 499.
LaTeX Info: Redefining \cdots on input line 620.
\Mathstrutbox@=\box100
\strutbox@=\box101
\big@size=\dimen170
LaTeX Font Info:    Redeclaring font encoding OML on input line 743.
LaTeX Font Info:    Redeclaring font encoding OMS on input line 744.
\macc@depth=\count291
\c@MaxMatrixCols=\count292
\dotsspace@=\muskip17
\c@parentequation=\count293
\dspbrk@lvl=\count294
\tag@help=\toks23
\row@=\count295
\column@=\count296
\maxfields@=\count297
\andhelp@=\toks24
\eqnshift@=\dimen171
\alignsep@=\dimen172
\tagshift@=\dimen173
\tagwidth@=\dimen174
\totwidth@=\dimen175
\lineht@=\dimen176
\@envbody=\toks25
\multlinegap=\skip93
\multlinetaggap=\skip94
\mathdisplay@stack=\toks26
LaTeX Info: Redefining \[ on input line 2938.
LaTeX Info: Redefining \] on input line 2939.
) (/Users/chester/Library/TinyTeX/texmf-dist/tex/generic/iftex/ifluatex.sty
Package: ifluatex 2019/10/25 v1.5 ifluatex legacy package. Use iftex instead.
) (/Users/chester/Library/TinyTeX/texmf-dist/tex/latex/base/fixltx2e.sty
Package: fixltx2e 2016/12/29 v2.1a fixes to LaTeX (obsolete)
Applying: [2015/01/01] Old fixltx2e package on input line 46.

Package fixltx2e Warning: fixltx2e is not required with releases after 2015
(fixltx2e)                All fixes are now in the LaTeX kernel.
(fixltx2e)                See the latexrelease package for details.

Already applied: [0000/00/00] Old fixltx2e package on input line 53.
) (/Users/chester/Library/TinyTeX/texmf-dist/tex/latex/fontspec/fontspec.sty
(/Users/chester/Library/TinyTeX/texmf-dist/tex/latex/l3packages/xparse/xparse.s
ty (/Users/chester/Library/TinyTeX/texmf-dist/tex/latex/l3kernel/expl3.sty
Package: expl3 2021-11-22 L3 programming layer (loader) 

(/Users/chester/Library/TinyTeX/texmf-dist/tex/latex/l3backend/l3backend-xetex.
def
File: l3backend-xetex.def 2021-12-14 L3 backend support: XeTeX
(|extractbb --version)
\c__kernel_sys_dvipdfmx_version_int=\count298
\l__color_backend_stack_int=\count299
\g__color_backend_stack_int=\count300
\g__graphics_track_int=\count301
\l__pdf_internal_box=\box102
\g__pdf_backend_object_int=\count302
\g__pdf_backend_annotation_int=\count303
\g__pdf_backend_link_int=\count304
))
Package: xparse 2021-11-12 L3 Experimental document command parser
)
Package: fontspec 2020/02/21 v2.7i Font selection for XeLaTeX and LuaLaTeX

(/Users/chester/Library/TinyTeX/texmf-dist/tex/latex/fontspec/fontspec-xetex.st
y
Package: fontspec-xetex 2020/02/21 v2.7i Font selection for XeLaTeX and LuaLaTe
X
\l__fontspec_script_int=\count305
\l__fontspec_language_int=\count306
\l__fontspec_strnum_int=\count307
\l__fontspec_tmp_int=\count308
\l__fontspec_tmpa_int=\count309
\l__fontspec_tmpb_int=\count310
\l__fontspec_tmpc_int=\count311
\l__fontspec_em_int=\count312
\l__fontspec_emdef_int=\count313
\l__fontspec_strong_int=\count314
\l__fontspec_strongdef_int=\count315
\l__fontspec_tmpa_dim=\dimen177
\l__fontspec_tmpb_dim=\dimen178
\l__fontspec_tmpc_dim=\dimen179
(/Users/chester/Library/TinyTeX/texmf-dist/tex/latex/base/fontenc.sty
Package: fontenc 2021/04/29 v2.0v Standard LaTeX package
) (/Users/chester/Library/TinyTeX/texmf-dist/tex/latex/fontspec/fontspec.cfg)))
(/Users/chester/Library/TinyTeX/texmf-dist/tex/latex/graphics/graphicx.sty
Package: graphicx 2021/09/16 v1.2d Enhanced LaTeX Graphics (DPC,SPQR)
(/Users/chester/Library/TinyTeX/texmf-dist/tex/latex/graphics/graphics.sty
Package: graphics 2021/03/04 v1.4d Standard LaTeX Graphics (DPC,SPQR)
(/Users/chester/Library/TinyTeX/texmf-dist/tex/latex/graphics/trig.sty
Package: trig 2021/08/11 v1.11 sin cos tan (DPC)
) (/Users/chester/Library/TinyTeX/texmf-dist/tex/latex/graphics-cfg/graphics.cf
g
File: graphics.cfg 2016/06/04 v1.11 sample graphics configuration
)
Package graphics Info: Driver file: xetex.def on input line 107.
)
\Gin@req@height=\dimen180
\Gin@req@width=\dimen181
) (/Users/chester/Library/TinyTeX/texmf-dist/tex/latex/booktabs/booktabs.sty
Package: booktabs 2020/01/12 v1.61803398 Publication quality tables
\heavyrulewidth=\dimen182
\lightrulewidth=\dimen183
\cmidrulewidth=\dimen184
\belowrulesep=\dimen185
\belowbottomsep=\dimen186
\aboverulesep=\dimen187
\abovetopsep=\dimen188
\cmidrulesep=\dimen189
\cmidrulekern=\dimen190
\defaultaddspace=\dimen191
\@cmidla=\count316
\@cmidlb=\count317
\@aboverulesep=\dimen192
\@belowrulesep=\dimen193
\@thisruleclass=\count318
\@lastruleclass=\count319
\@thisrulewidth=\dimen194
) (/Users/chester/Library/TinyTeX/texmf-dist/tex/latex/units/units.sty
Package: units 1998/08/04 v0.9b Typesetting units
(/Users/chester/Library/TinyTeX/texmf-dist/tex/latex/units/nicefrac.sty
Package: nicefrac 1998/08/04 v0.9b Nice fractions
\L@UnitsRaiseDisplaystyle=\skip95
\L@UnitsRaiseTextstyle=\skip96
\L@UnitsRaiseScriptstyle=\skip97
)) (/Users/chester/Library/TinyTeX/texmf-dist/tex/latex/fancyvrb/fancyvrb.sty
Package: fancyvrb 2021/12/21 4.1b verbatim text (tvz,hv)
\FV@CodeLineNo=\count320
\FV@InFile=\read2
\FV@TabBox=\box103
\c@FancyVerbLine=\count321
\FV@StepNumber=\count322
\FV@OutFile=\write3
) (/Users/chester/Library/TinyTeX/texmf-dist/tex/latex/framed/framed.sty
Package: framed 2011/10/22 v 0.96: framed or shaded text with page breaks
\OuterFrameSep=\skip98
\fb@frw=\dimen195
\fb@frh=\dimen196
\FrameRule=\dimen197
\FrameSep=\dimen198
) (/Users/chester/Library/TinyTeX/texmf-dist/tex/latex/tools/longtable.sty
Package: longtable 2021-09-01 v4.17 Multi-page Table package (DPC)
\LTleft=\skip99
\LTright=\skip100
\LTpre=\skip101
\LTpost=\skip102
\LTchunksize=\count323
\LTcapwidth=\dimen199
\LT@head=\box104
\LT@firsthead=\box105
\LT@foot=\box106
\LT@lastfoot=\box107
\LT@gbox=\box108
\LT@cols=\count324
\LT@rows=\count325
\c@LT@tables=\count326
\c@LT@chunks=\count327
\LT@p@ftn=\toks27
) (/Users/chester/Library/TinyTeX/texmf-dist/tex/generic/ulem/ulem.sty
\UL@box=\box109
\UL@hyphenbox=\box110
\UL@skip=\skip103
\UL@hook=\toks28
\UL@height=\dimen256
\UL@pe=\count328
\UL@pixel=\dimen257
\ULC@box=\box111
Package: ulem 2019/11/18
\ULdepth=\dimen258
) (/Users/chester/Library/TinyTeX/texmf-dist/tex/latex/morefloats/morefloats.st
y
Package: morefloats 2015/07/22 v1.0h Raise limit of unprocessed floats (HMM)
Package morefloats Info: Maximum number of possible floats asked for: 36
(morefloats)             (i.e. 18 more floats).
(morefloats)             LaTeX might run out of memory before this
(morefloats)             (in which case it will notify you).
) (/Users/chester/Library/TinyTeX/texmf-dist/tex/latex/float/float.sty
Package: float 2001/11/08 v1.3d Float enhancements (AL)
\c@float@type=\count329
\float@exts=\toks29
\float@box=\box112
\@float@everytoks=\toks30
\@floatcapt=\box113
) (/Users/chester/Library/TinyTeX/texmf-dist/tex/latex/parskip/parskip.sty
Package: parskip 2021-03-14 v2.0h non-zero parskip adjustments
(/Users/chester/Library/TinyTeX/texmf-dist/tex/latex/etoolbox/etoolbox.sty
Package: etoolbox 2020/10/05 v2.5k e-TeX tools for LaTeX (JAW)
\etb@tempcnta=\count330
)) (./rbasics.aux)
\openout1 = `rbasics.aux'.

LaTeX Font Info:    Checking defaults for OML/cmm/m/it on input line 185.
LaTeX Font Info:    ... okay on input line 185.
LaTeX Font Info:    Checking defaults for OMS/cmsy/m/n on input line 185.
LaTeX Font Info:    ... okay on input line 185.
LaTeX Font Info:    Checking defaults for OT1/cmr/m/n on input line 185.
LaTeX Font Info:    ... okay on input line 185.
LaTeX Font Info:    Checking defaults for T1/cmr/m/n on input line 185.
LaTeX Font Info:    ... okay on input line 185.
LaTeX Font Info:    Checking defaults for TS1/cmr/m/n on input line 185.
LaTeX Font Info:    Trying to load font information for TS1+cmr on input line 1
85.
(/Users/chester/Library/TinyTeX/texmf-dist/tex/latex/base/ts1cmr.fd
File: ts1cmr.fd 2019/12/16 v2.5j Standard LaTeX font definitions
)
LaTeX Font Info:    ... okay on input line 185.
LaTeX Font Info:    Checking defaults for TU/lmr/m/n on input line 185.
LaTeX Font Info:    ... okay on input line 185.
LaTeX Font Info:    Checking defaults for OMX/cmex/m/n on input line 185.
LaTeX Font Info:    ... okay on input line 185.
LaTeX Font Info:    Checking defaults for U/cmr/m/n on input line 185.
LaTeX Font Info:    ... okay on input line 185.
LaTeX Font Info:    Checking defaults for PD1/pdf/m/n on input line 185.
LaTeX Font Info:    ... okay on input line 185.
LaTeX Font Info:    Checking defaults for PU/pdf/m/n on input line 185.
LaTeX Font Info:    ... okay on input line 185.
Package hyperref Info: Link coloring OFF on input line 185.
(/Users/chester/Library/TinyTeX/texmf-dist/tex/latex/hyperref/nameref.sty
Package: nameref 2021-04-02 v2.47 Cross-referencing by name of section
(/Users/chester/Library/TinyTeX/texmf-dist/tex/latex/refcount/refcount.sty
Package: refcount 2019/12/15 v3.6 Data extraction from label references (HO)
)
(/Users/chester/Library/TinyTeX/texmf-dist/tex/generic/gettitlestring/gettitles
tring.sty
Package: gettitlestring 2019/12/15 v1.6 Cleanup title references (HO)
)
\c@section@level=\count331
)
LaTeX Info: Redefining \ref on input line 185.
LaTeX Info: Redefining \pageref on input line 185.
LaTeX Info: Redefining \nameref on input line 185.
(./rbasics.out) (./rbasics.out)
\@outlinefile=\write4
\openout4 = `rbasics.out'.

*geometry* driver: auto-detecting
*geometry* detected driver: xetex
*geometry* verbose mode - [ preamble ] result:
* driver: xetex
* paper: letterpaper
* layout: <same size as paper>
* layoutoffset:(h,v)=(0.0pt,0.0pt)
* modes: twoside asymmetric 
* h-part:(L,W,R)=(57.81621pt, 420.0pt, 136.47879pt)
* v-part:(T,H,B)=(72.26999pt, 616.0pt, 106.7pt)
* \paperwidth=614.295pt
* \paperheight=794.96999pt
* \textwidth=420.0pt
* \textheight=616.0pt
* \oddsidemargin=-14.45378pt
* \evensidemargin=-14.45378pt
* \topmargin=-42.0pt
* \headheight=14.0pt
* \headsep=28.0pt
* \topskip=10.0pt
* \footskip=25.29494pt
* \marginparwidth=96.0pt
* \marginparsep=12.0pt
* \columnsep=10.0pt
* \skip\footins=9.0pt plus 4.0pt minus 2.0pt
* \hoffset=0.0pt
* \voffset=0.0pt
* \mag=1000
* \@twocolumnfalse
* \@twosidetrue
* \@mparswitchfalse
* \@reversemarginfalse
* (1in=72.27pt=25.4mm, 1cm=28.453pt)


Package fontspec Info: Adjusting the maths setup (use [no-math] to avoid
(fontspec)             this).

\symlegacymaths=\mathgroup6
LaTeX Font Info:    Overwriting symbol font `legacymaths' in version `bold'
(Font)                  OT1/cmr/m/n --> OT1/cmr/bx/n on input line 185.
LaTeX Font Info:    Redeclaring math accent \acute on input line 185.
LaTeX Font Info:    Redeclaring math accent \grave on input line 185.
LaTeX Font Info:    Redeclaring math accent \ddot on input line 185.
LaTeX Font Info:    Redeclaring math accent \tilde on input line 185.
LaTeX Font Info:    Redeclaring math accent \bar on input line 185.
LaTeX Font Info:    Redeclaring math accent \breve on input line 185.
LaTeX Font Info:    Redeclaring math accent \check on input line 185.
LaTeX Font Info:    Redeclaring math accent \hat on input line 185.
LaTeX Font Info:    Redeclaring math accent \dot on input line 185.
LaTeX Font Info:    Redeclaring math accent \mathring on input line 185.
LaTeX Font Info:    Redeclaring math symbol \Gamma on input line 185.
LaTeX Font Info:    Redeclaring math symbol \Delta on input line 185.
LaTeX Font Info:    Redeclaring math symbol \Theta on input line 185.
LaTeX Font Info:    Redeclaring math symbol \Lambda on input line 185.
LaTeX Font Info:    Redeclaring math symbol \Xi on input line 185.
LaTeX Font Info:    Redeclaring math symbol \Pi on input line 185.
LaTeX Font Info:    Redeclaring math symbol \Sigma on input line 185.
LaTeX Font Info:    Redeclaring math symbol \Upsilon on input line 185.
LaTeX Font Info:    Redeclaring math symbol \Phi on input line 185.
LaTeX Font Info:    Redeclaring math symbol \Psi on input line 185.
LaTeX Font Info:    Redeclaring math symbol \Omega on input line 185.
LaTeX Font Info:    Redeclaring math symbol \mathdollar on input line 185.
LaTeX Font Info:    Redeclaring symbol font `operators' on input line 185.
LaTeX Font Info:    Encoding `OT1' has changed to `TU' for symbol font
(Font)              `operators' in the math version `normal' on input line 185.

LaTeX Font Info:    Overwriting symbol font `operators' in version `normal'
(Font)                  OT1/cmr/m/n --> TU/lmr/m/n on input line 185.
LaTeX Font Info:    Encoding `OT1' has changed to `TU' for symbol font
(Font)              `operators' in the math version `bold' on input line 185.
LaTeX Font Info:    Overwriting symbol font `operators' in version `bold'
(Font)                  OT1/cmr/bx/n --> TU/lmr/m/n on input line 185.
LaTeX Font Info:    Overwriting symbol font `operators' in version `normal'
(Font)                  TU/lmr/m/n --> TU/lmr/m/n on input line 185.
LaTeX Font Info:    Overwriting math alphabet `\mathit' in version `normal'
(Font)                  OT1/cmr/m/it --> TU/lmr/m/it on input line 185.
LaTeX Font Info:    Overwriting math alphabet `\mathbf' in version `normal'
(Font)                  OT1/cmr/bx/n --> TU/lmr/b/n on input line 185.
LaTeX Font Info:    Overwriting math alphabet `\mathsf' in version `normal'
(Font)                  OT1/cmss/m/n --> TU/lmss/m/n on input line 185.
LaTeX Font Info:    Overwriting math alphabet `\mathtt' in version `normal'
(Font)                  OT1/cmtt/m/n --> TU/lmtt/m/n on input line 185.
LaTeX Font Info:    Overwriting symbol font `operators' in version `bold'
(Font)                  TU/lmr/m/n --> TU/lmr/b/n on input line 185.
LaTeX Font Info:    Overwriting math alphabet `\mathit' in version `bold'
(Font)                  OT1/cmr/bx/it --> TU/lmr/b/it on input line 185.
LaTeX Font Info:    Overwriting math alphabet `\mathsf' in version `bold'
(Font)                  OT1/cmss/bx/n --> TU/lmss/b/n on input line 185.
LaTeX Font Info:    Overwriting math alphabet `\mathtt' in version `bold'
(Font)                  OT1/cmtt/m/n --> TU/lmtt/b/n on input line 185.

Class tufte-book Warning: Proper spacing of ALL-CAPS letters has not been set u
p. on input line 188.


Class tufte-book Warning: Proper spacing of ALL-CAPS letters has not been set u
p. on input line 188.


Class tufte-book Warning: Proper spacing of ALL-CAPS letters has not been set u
p. on input line 188.

[1


] [2


] (./rbasics.toc [3])
\tf@toc=\write5
\openout5 = `rbasics.toc'.


Class tufte-book Warning: Proper spacing of small-caps letters has not been set
 up. on input line 198.

[4]
Chapter 1.
[5

] [6

]
Chapter 2.
[7]

Class tufte-book Warning: Proper spacing of small-caps letters has not been set
 up. on input line 254.

[8]
Chapter 3.
[9

]
LaTeX Font Info:    Trying to load font information for U+msa on input line 275
.
(/Users/chester/Library/TinyTeX/texmf-dist/tex/latex/amsfonts/umsa.fd
File: umsa.fd 2013/01/14 v3.01 AMS symbols A
)
LaTeX Font Info:    Trying to load font information for U+msb on input line 275
.
(/Users/chester/Library/TinyTeX/texmf-dist/tex/latex/amsfonts/umsb.fd
File: umsb.fd 2013/01/14 v3.01 AMS symbols B
)
Overfull \hbox (10.2pt too wide) in paragraph at lines 275--275
\TU/lmtt/m/n/8 install.packages("dplyr") 
 []


LaTeX Warning: Marginpar on page 10 moved.


Class tufte-book Warning: Proper spacing of small-caps letters has not been set
 up. on input line 312.

[10]
File: screenshots/server_login.png Graphic file (type bmp)
<screenshots/server_login.png>
File: screenshots/initial_rstudio.png Graphic file (type bmp)
<screenshots/initial_rstudio.png>
File: screenshots/desktop_initial.png Graphic file (type bmp)
<screenshots/desktop_initial.png>

Underfull \vbox (badness 10000) has occurred while \output is active []


Class tufte-book Warning: Proper spacing of small-caps letters has not been set
 up. on input line 350.

[11]

Class tufte-book Warning: Proper spacing of small-caps letters has not been set
 up. on input line 350.

[12]
Overfull \hbox (42.73pt too wide) in paragraph at lines 380--381
\TU/lmr/m/n/10 When you first login, this pane isn’t there, but it appeared whe
n we made the \TU/lmr/bx/n/10 first_rmarkdown.Rmd\TU/lmr/m/n/10 . 
 []


Underfull \vbox (badness 10000) has occurred while \output is active []


Class tufte-book Warning: Proper spacing of small-caps letters has not been set
 up. on input line 381.

[13]
Underfull \vbox (badness 1107) has occurred while \output is active []


Class tufte-book Warning: Proper spacing of small-caps letters has not been set
 up. on input line 405.

[14]
Underfull \vbox (badness 10000) has occurred while \output is active []


Class tufte-book Warning: Proper spacing of small-caps letters has not been set
 up. on input line 437.

[15]
Underfull \vbox (badness 10000) has occurred while \output is active []


Class tufte-book Warning: Proper spacing of small-caps letters has not been set
 up. on input line 472.

[16]

Class tufte-book Warning: Proper spacing of small-caps letters has not been set
 up. on input line 474.

[17] [18

]
Chapter 4.

Underfull \vbox (badness 1342) has occurred while \output is active []

[19]
LaTeX Font Info:    Font shape `TU/lmtt/bx/n' in size <10> not available
(Font)              Font shape `TU/lmtt/b/n' tried instead on input line 517.

LaTeX Warning: Marginpar on page 20 moved.


Class tufte-book Warning: Proper spacing of small-caps letters has not been set
 up. on input line 539.

[20]

Class tufte-book Warning: Proper spacing of small-caps letters has not been set
 up. on input line 596.

[21]

Class tufte-book Warning: Proper spacing of small-caps letters has not been set
 up. on input line 682.

[22]

Class tufte-book Warning: Proper spacing of small-caps letters has not been set
 up. on input line 736.

[23]

Class tufte-book Warning: Proper spacing of small-caps letters has not been set
 up. on input line 776.

[24]
File: images/spellcheck.png Graphic file (type bmp)
<images/spellcheck.png>

Class tufte-book Warning: Proper spacing of small-caps letters has not been set
 up. on input line 803.

[25] [26

]
Chapter 5.
[27]
Overfull \hbox (20.72003pt too wide) in paragraph at lines 882--883
\TU/lmr/m/n/10 following R commands download the CSV file from the internet int
o the \TU/lmtt/m/n/10 periodic-table-data.csv 
 []


Class tufte-book Warning: Proper spacing of small-caps letters has not been set
 up. on input line 909.

[28]

Class tufte-book Warning: Proper spacing of small-caps letters has not been set
 up. on input line 955.

[29]
Underfull \vbox (badness 2384) has occurred while \output is active []


Class tufte-book Warning: Proper spacing of small-caps letters has not been set
 up. on input line 1035.

[30]
Underfull \vbox (badness 10000) has occurred while \output is active []


Class tufte-book Warning: Proper spacing of small-caps letters has not been set
 up. on input line 1121.

[31]
Underfull \vbox (badness 10000) has occurred while \output is active []


Class tufte-book Warning: Proper spacing of small-caps letters has not been set
 up. on input line 1175.

[32]

LaTeX Warning: Marginpar on page 33 moved.


Class tufte-book Warning: Proper spacing of small-caps letters has not been set
 up. on input line 1240.

[33]
Overfull \hbox (15.75pt too wide) in paragraph at lines 1269--1269
[]\TU/lmtt/m/n/10 ##                                                           
           name_origin[] 
 []


Overfull \hbox (15.75pt too wide) in paragraph at lines 1269--1269
[]\TU/lmtt/m/n/10 ## 41                         Niobe, daughter of king Tantalu
s from Greek mythology[] 
 []


Overfull \hbox (15.75pt too wide) in paragraph at lines 1269--1269
[]\TU/lmtt/m/n/10 ## 42                                             the Greek m
olybdos meaning 'lead'[] 
 []


Overfull \hbox (15.75pt too wide) in paragraph at lines 1269--1269
[]\TU/lmtt/m/n/10 ## 43                                     the Greek tekhn??to
s meaning 'artificial'[] 
 []


Overfull \hbox (15.75pt too wide) in paragraph at lines 1269--1269
[]\TU/lmtt/m/n/10 ## 44                                       Ruthenia, the New
 Latin name for Russia[] 
 []


Overfull \hbox (15.75pt too wide) in paragraph at lines 1269--1269
[]\TU/lmtt/m/n/10 ## 45                                     the Greek rhodos, m
eaning 'rose coloured'[] 
 []


Overfull \hbox (15.75pt too wide) in paragraph at lines 1269--1269
[]\TU/lmtt/m/n/10 ## 46 the then recently discovered asteroid Pallas, considere
d a planet at the time[] 
 []


Overfull \hbox (15.75pt too wide) in paragraph at lines 1269--1269
[]\TU/lmtt/m/n/10 ## 47                                              English wo
rd (argentum in Latin)[] 
 []


Overfull \hbox (15.75pt too wide) in paragraph at lines 1269--1269
[]\TU/lmtt/m/n/10 ## 48                                        the New Latin ca
dmia, from King Kadmos[] 
 []


Overfull \hbox (15.75pt too wide) in paragraph at lines 1269--1269
[]\TU/lmtt/m/n/10 ## 49                                                        
                indigo[] 
 []


Overfull \hbox (15.75pt too wide) in paragraph at lines 1269--1269
[]\TU/lmtt/m/n/10 ## 50                                               English w
ord (stannum in Latin)[] 
 []


Underfull \vbox (badness 2088) has occurred while \output is active []


Class tufte-book Warning: Proper spacing of small-caps letters has not been set
 up. on input line 1308.

[34]

Class tufte-book Warning: Proper spacing of small-caps letters has not been set
 up. on input line 1361.

[35]
Underfull \vbox (badness 10000) has occurred while \output is active []


Class tufte-book Warning: Proper spacing of small-caps letters has not been set
 up. on input line 1443.

[36]
Overfull \hbox (0.18002pt too wide) in paragraph at lines 1444--1445
[]\TU/lmr/m/n/10 One example of a function that requires a character string (or
 vector) is the \TU/lmtt/m/n/10 install.packages 
 []


Class tufte-book Warning: Proper spacing of small-caps letters has not been set
 up. on input line 1486.

[37] [38

]
Chapter 6.
[39]

Class tufte-book Warning: Proper spacing of small-caps letters has not been set
 up. on input line 1545.

[40]
Chapter 7.
(./rbasics.bbl [41

] [42

]) [43] (./rbasics.aux)
Package rerunfilecheck Info: File `rbasics.out' has not changed.
(rerunfilecheck)             Checksum: 6473CE377DE9C798C50FCA21538339F4;4879.
 ) 
Here is how much of TeX's memory you used:
 16578 strings out of 478256
 313338 string characters out of 5855123
 694085 words of memory out of 5000000
 36783 multiletter control sequences out of 15000+600000
 408911 words of font info for 76 fonts, out of 8000000 for 9000
 14 hyphenation exceptions out of 8191
 81i,11n,81p,1196b,539s stack positions out of 5000i,500n,10000p,200000b,80000s

Output written on rbasics.pdf (43 pages).
